<?xml version="1.0" encoding="UTF-8" ?>
<testsuite errors="0" failures="0" hostname="BDC3-LX-5296DDG" name="test.calc.CalcTest" skipped="0" tests="6" time="0.31" timestamp="2018-06-01T09:41:58">
  <properties>
[...]
</properties>
  <testcase classname="test.calc.CalcTest" name="testDoAdd1" time="0.007" />
  <testcase classname="test.calc.CalcTest" name="testDoAdd2" time="0.0" />
  <testcase classname="test.calc.CalcTest" name="testDoDiv1" time="0.001" />
  <testcase classname="test.calc.CalcTest" name="testDoDiv2" time="0.0" />
  <testcase classname="test.calc.CalcTest" name="testDoMul1" time="0.001" />
  <testcase classname="test.calc.CalcTest" name="testDoMul2" time="0.0" />
  <system-out><![CDATA[]]></system-out>
  <system-err><![CDATA[]]></system-err>
</testsuite>
